2021-06-05 14:10:54.629  INFO 18204 --- [main] c.putao_seo.api.PutaoSeoApiApplication   : Starting PutaoSeoApiApplication on WINDOWS-8A4QS9Q with PID 18204 (D:\java_projuct\putao_seo_api-master\target\classes started by LENOVO in D:\java_projuct\putao_seo_api-master)
2021-06-05 14:10:54.636  INFO 18204 --- [main] c.putao_seo.api.PutaoSeoApiApplication   : No active profile set, falling back to default profiles: default
2021-06-05 14:10:57.062  INFO 18204 --- [main] .s.d.r.c.RepositoryConfigurationDelegate : Multiple Spring Data modules found, entering strict repository configuration mode!
2021-06-05 14:10:57.064  INFO 18204 --- [main] .s.d.r.c.RepositoryConfigurationDelegate : Bootstrapping Spring Data repositories in DEFAULT mode.
2021-06-05 14:10:57.148  INFO 18204 --- [main] .s.d.r.c.RepositoryConfigurationDelegate : Finished Spring Data repository scanning in 64ms. Found 0 repository interfaces.
2021-06-05 14:10:57.161  INFO 18204 --- [main] .s.d.r.c.RepositoryConfigurationDelegate : Multiple Spring Data modules found, entering strict repository configuration mode!
2021-06-05 14:10:57.163  INFO 18204 --- [main] .s.d.r.c.RepositoryConfigurationDelegate : Bootstrapping Spring Data repositories in DEFAULT mode.
2021-06-05 14:10:57.228  INFO 18204 --- [main] .s.d.r.c.RepositoryConfigurationDelegate : Finished Spring Data repository scanning in 33ms. Found 0 repository interfaces.
2021-06-05 14:10:57.827  INFO 18204 --- [main] trationDelegate$BeanPostProcessorChecker : Bean 'org.springframework.transaction.annotation.ProxyTransactionManagementConfiguration' of type [org.springframework.transaction.annotation.ProxyTransactionManagementConfiguration$$EnhancerBySpringCGLIB$$5b9f5a2d] is not eligible for getting processed by all BeanPostProcessors (for example: not eligible for auto-proxying)
2021-06-05 14:10:57.941  INFO 18204 --- [main] trationDelegate$BeanPostProcessorChecker : Bean 'appRedisProperty' of type [com.putao_seo.api.redis.property.AppRedisProperty$$EnhancerBySpringCGLIB$$cddafb93] is not eligible for getting processed by all BeanPostProcessors (for example: not eligible for auto-proxying)
2021-06-05 14:10:57.951  INFO 18204 --- [main] trationDelegate$BeanPostProcessorChecker : Bean 'miniRedisProperty' of type [com.putao_seo.api.redis.property.MiniRedisProperty$$EnhancerBySpringCGLIB$$33a15bf9] is not eligible for getting processed by all BeanPostProcessors (for example: not eligible for auto-proxying)
2021-06-05 14:10:57.954  INFO 18204 --- [main] trationDelegate$BeanPostProcessorChecker : Bean 'redisConfiguration' of type [com.putao_seo.api.redis.conf.RedisConfiguration$$EnhancerBySpringCGLIB$$c6ed57f0] is not eligible for getting processed by all BeanPostProcessors (for example: not eligible for auto-proxying)
2021-06-05 14:10:58.420  INFO 18204 --- [main] o.s.b.w.embedded.tomcat.TomcatWebServer  : Tomcat initialized with port(s): 8084 (http)
2021-06-05 14:10:58.445  INFO 18204 --- [main] o.apache.catalina.core.StandardService   : Starting service [Tomcat]
2021-06-05 14:10:58.446  INFO 18204 --- [main] org.apache.catalina.core.StandardEngine  : Starting Servlet engine: [Apache Tomcat/9.0.17]
2021-06-05 14:10:58.809  INFO 18204 --- [main] o.a.c.c.C.[Tomcat].[localhost].[/api]    : Initializing Spring embedded WebApplicationContext
2021-06-05 14:10:58.810  INFO 18204 --- [main] o.s.web.context.ContextLoader            : Root WebApplicationContext: initialization completed in 3927 ms
2021-06-05 14:11:00.487  INFO 18204 --- [main] io.searchbox.client.AbstractJestClient   : Setting server pool to a list of 1 servers: [http://localhost:9200]
2021-06-05 14:11:00.489  INFO 18204 --- [main] io.searchbox.client.JestClientFactory    : Using multi thread/connection supporting pooling connection manager
2021-06-05 14:11:00.619  INFO 18204 --- [main] io.searchbox.client.JestClientFactory    : Using custom GSON instance
2021-06-05 14:11:00.619  INFO 18204 --- [main] io.searchbox.client.JestClientFactory    : Node Discovery disabled...
2021-06-05 14:11:00.619  INFO 18204 --- [main] io.searchbox.client.JestClientFactory    : Idle connection reaping disabled...
2021-06-05 14:11:01.349  INFO 18204 --- [main] pertySourcedRequestMappingHandlerMapping : Mapped URL path [/v2/api-docs] onto method [public org.springframework.http.ResponseEntity<springfox.documentation.spring.web.json.Json> springfox.documentation.swagger2.web.Swagger2Controller.getDocumentation(java.lang.String,javax.servlet.http.HttpServletRequest)]
2021-06-05 14:11:01.597  INFO 18204 --- [main] o.s.s.concurrent.ThreadPoolTaskExecutor  : Initializing ExecutorService 'applicationTaskExecutor'
2021-06-05 14:11:02.065  INFO 18204 --- [main] d.s.w.p.DocumentationPluginsBootstrapper : Context refreshed
2021-06-05 14:11:02.105  INFO 18204 --- [main] d.s.w.p.DocumentationPluginsBootstrapper : Found 1 custom documentation plugin(s)
2021-06-05 14:11:02.146  INFO 18204 --- [main] s.d.s.w.s.ApiListingReferenceScanner     : Scanning for api listing references
2021-06-05 14:11:02.460  INFO 18204 --- [main] .d.s.w.r.o.CachingOperationNameGenerator : Generating unique operation named: queryDetailUsingGET_1
2021-06-05 14:11:02.482  INFO 18204 --- [main] .d.s.w.r.o.CachingOperationNameGenerator : Generating unique operation named: queryDetailUsingGET_2
2021-06-05 14:11:02.553  INFO 18204 --- [main] o.s.b.w.embedded.tomcat.TomcatWebServer  : Tomcat started on port(s): 8084 (http) with context path '/api'
2021-06-05 14:11:02.558  INFO 18204 --- [main] c.putao_seo.api.PutaoSeoApiApplication   : Started PutaoSeoApiApplication in 9.098 seconds (JVM running for 14.297)
2021-06-05 14:12:31.326  INFO 18204 --- [http-nio-8084-exec-1] o.a.c.c.C.[Tomcat].[localhost].[/api]    : Initializing Spring DispatcherServlet 'dispatcherServlet'
2021-06-05 14:12:31.328  INFO 18204 --- [http-nio-8084-exec-1] o.s.web.servlet.DispatcherServlet        : Initializing Servlet 'dispatcherServlet'
2021-06-05 14:12:31.349  INFO 18204 --- [http-nio-8084-exec-1] o.s.web.servlet.DispatcherServlet        : Completed initialization in 20 ms
2021-06-05 14:12:31.371  INFO 18204 --- [http-nio-8084-exec-1] c.p.api.interceptor.CostInterceptor      : [URL]/api/swagger-ui.html[PARAMS]
2021-06-05 14:12:31.484  INFO 18204 --- [http-nio-8084-exec-1] io.lettuce.core.EpollProvider            : Starting without optional epoll library
2021-06-05 14:12:31.486  INFO 18204 --- [http-nio-8084-exec-1] io.lettuce.core.KqueueProvider           : Starting without optional kqueue library
2021-06-05 14:12:32.493 ERROR 18204 --- [http-nio-8084-exec-1] o.a.c.c.C.[.[.[.[dispatcherServlet]      : Servlet.service() for servlet [dispatcherServlet] in context with path [/api] threw exception [Request processing failed; nested exception is org.springframework.data.redis.RedisConnectionFailureException: Unable to connect to Redis; nested exception is io.lettuce.core.RedisConnectionException: Unable to connect to 127.0.0.1:6379] with root cause

io.lettuce.core.RedisCommandExecutionException: ERR Client sent AUTH, but no password is set
	at io.lettuce.core.ExceptionFactory.createExecutionException(ExceptionFactory.java:135) ~[lettuce-core-5.1.6.RELEASE.jar:na]
	at io.lettuce.core.ExceptionFactory.createExecutionException(ExceptionFactory.java:108) ~[lettuce-core-5.1.6.RELEASE.jar:na]
	at io.lettuce.core.protocol.AsyncCommand.completeResult(AsyncCommand.java:120) ~[lettuce-core-5.1.6.RELEASE.jar:na]
	at io.lettuce.core.protocol.AsyncCommand.complete(AsyncCommand.java:111) ~[lettuce-core-5.1.6.RELEASE.jar:na]
	at io.lettuce.core.protocol.CommandHandler.complete(CommandHandler.java:646) ~[lettuce-core-5.1.6.RELEASE.jar:na]
	at io.lettuce.core.protocol.CommandHandler.decode(CommandHandler.java:604) ~[lettuce-core-5.1.6.RELEASE.jar:na]
	at io.lettuce.core.protocol.CommandHandler.channelRead(CommandHandler.java:556) ~[lettuce-core-5.1.6.RELEASE.jar:na]
	at io.netty.channel.AbstractChannelHandlerContext.invokeChannelRead(AbstractChannelHandlerContext.java:359) ~[netty-transport-4.1.34.Final.jar:4.1.34.Final]
	at io.netty.channel.AbstractChannelHandlerContext.invokeChannelRead(AbstractChannelHandlerContext.java:345) ~[netty-transport-4.1.34.Final.jar:4.1.34.Final]
	at io.netty.channel.AbstractChannelHandlerContext.fireChannelRead(AbstractChannelHandlerContext.java:337) ~[netty-transport-4.1.34.Final.jar:4.1.34.Final]
	at io.netty.channel.ChannelInboundHandlerAdapter.channelRead(ChannelInboundHandlerAdapter.java:86) ~[netty-transport-4.1.34.Final.jar:4.1.34.Final]
	at io.netty.channel.AbstractChannelHandlerContext.invokeChannelRead(AbstractChannelHandlerContext.java:359) ~[netty-transport-4.1.34.Final.jar:4.1.34.Final]
	at io.netty.channel.AbstractChannelHandlerContext.invokeChannelRead(AbstractChannelHandlerContext.java:345) ~[netty-transport-4.1.34.Final.jar:4.1.34.Final]
	at io.netty.channel.AbstractChannelHandlerContext.fireChannelRead(AbstractChannelHandlerContext.java:337) ~[netty-transport-4.1.34.Final.jar:4.1.34.Final]
	at io.netty.channel.ChannelInboundHandlerAdapter.channelRead(ChannelInboundHandlerAdapter.java:86) ~[netty-transport-4.1.34.Final.jar:4.1.34.Final]
	at io.netty.channel.AbstractChannelHandlerContext.invokeChannelRead(AbstractChannelHandlerContext.java:359) ~[netty-transport-4.1.34.Final.jar:4.1.34.Final]
	at io.netty.channel.AbstractChannelHandlerContext.invokeChannelRead(AbstractChannelHandlerContext.java:345) ~[netty-transport-4.1.34.Final.jar:4.1.34.Final]
	at io.netty.channel.AbstractChannelHandlerContext.fireChannelRead(AbstractChannelHandlerContext.java:337) ~[netty-transport-4.1.34.Final.jar:4.1.34.Final]
	at io.netty.channel.DefaultChannelPipeline$HeadContext.channelRead(DefaultChannelPipeline.java:1408) ~[netty-transport-4.1.34.Final.jar:4.1.34.Final]
	at io.netty.channel.AbstractChannelHandlerContext.invokeChannelRead(AbstractChannelHandlerContext.java:359) ~[netty-transport-4.1.34.Final.jar:4.1.34.Final]
	at io.netty.channel.AbstractChannelHandlerContext.invokeChannelRead(AbstractChannelHandlerContext.java:345) ~[netty-transport-4.1.34.Final.jar:4.1.34.Final]
	at io.netty.channel.DefaultChannelPipeline.fireChannelRead(DefaultChannelPipeline.java:930) ~[netty-transport-4.1.34.Final.jar:4.1.34.Final]
	at io.netty.channel.nio.AbstractNioByteChannel$NioByteUnsafe.read(AbstractNioByteChannel.java:163) ~[netty-transport-4.1.34.Final.jar:4.1.34.Final]
	at io.netty.channel.nio.NioEventLoop.processSelectedKey(NioEventLoop.java:677) ~[netty-transport-4.1.34.Final.jar:4.1.34.Final]
	at io.netty.channel.nio.NioEventLoop.processSelectedKeysOptimized(NioEventLoop.java:612) ~[netty-transport-4.1.34.Final.jar:4.1.34.Final]
	at io.netty.channel.nio.NioEventLoop.processSelectedKeys(NioEventLoop.java:529) ~[netty-transport-4.1.34.Final.jar:4.1.34.Final]
	at io.netty.channel.nio.NioEventLoop.run(NioEventLoop.java:491) ~[netty-transport-4.1.34.Final.jar:4.1.34.Final]
	at io.netty.util.concurrent.SingleThreadEventExecutor$5.run(SingleThreadEventExecutor.java:905) ~[netty-common-4.1.34.Final.jar:4.1.34.Final]
	at io.netty.util.concurrent.FastThreadLocalRunnable.run(FastThreadLocalRunnable.java:30) ~[netty-common-4.1.34.Final.jar:4.1.34.Final]
	at java.lang.Thread.run(Thread.java:748) [na:1.8.0_131]

2021-06-05 14:12:32.502  INFO 18204 --- [http-nio-8084-exec-1] c.p.api.interceptor.CostInterceptor      : [URL]/api/error[PARAMS]
2021-06-05 14:12:32.528 ERROR 18204 --- [http-nio-8084-exec-1] o.a.c.c.C.[.[.[.[dispatcherServlet]      : Servlet.service() for servlet [dispatcherServlet] threw exception

io.lettuce.core.RedisCommandExecutionException: ERR Client sent AUTH, but no password is set
	at io.lettuce.core.ExceptionFactory.createExecutionException(ExceptionFactory.java:135) ~[lettuce-core-5.1.6.RELEASE.jar:na]
	at io.lettuce.core.ExceptionFactory.createExecutionException(ExceptionFactory.java:108) ~[lettuce-core-5.1.6.RELEASE.jar:na]
	at io.lettuce.core.protocol.AsyncCommand.completeResult(AsyncCommand.java:120) ~[lettuce-core-5.1.6.RELEASE.jar:na]
	at io.lettuce.core.protocol.AsyncCommand.complete(AsyncCommand.java:111) ~[lettuce-core-5.1.6.RELEASE.jar:na]
	at io.lettuce.core.protocol.CommandHandler.complete(CommandHandler.java:646) ~[lettuce-core-5.1.6.RELEASE.jar:na]
	at io.lettuce.core.protocol.CommandHandler.decode(CommandHandler.java:604) ~[lettuce-core-5.1.6.RELEASE.jar:na]
	at io.lettuce.core.protocol.CommandHandler.channelRead(CommandHandler.java:556) ~[lettuce-core-5.1.6.RELEASE.jar:na]
	at io.netty.channel.AbstractChannelHandlerContext.invokeChannelRead(AbstractChannelHandlerContext.java:359) ~[netty-transport-4.1.34.Final.jar:4.1.34.Final]
	at io.netty.channel.AbstractChannelHandlerContext.invokeChannelRead(AbstractChannelHandlerContext.java:345) ~[netty-transport-4.1.34.Final.jar:4.1.34.Final]
	at io.netty.channel.AbstractChannelHandlerContext.fireChannelRead(AbstractChannelHandlerContext.java:337) ~[netty-transport-4.1.34.Final.jar:4.1.34.Final]
	at io.netty.channel.ChannelInboundHandlerAdapter.channelRead(ChannelInboundHandlerAdapter.java:86) ~[netty-transport-4.1.34.Final.jar:4.1.34.Final]
	at io.netty.channel.AbstractChannelHandlerContext.invokeChannelRead(AbstractChannelHandlerContext.java:359) ~[netty-transport-4.1.34.Final.jar:4.1.34.Final]
	at io.netty.channel.AbstractChannelHandlerContext.invokeChannelRead(AbstractChannelHandlerContext.java:345) ~[netty-transport-4.1.34.Final.jar:4.1.34.Final]
	at io.netty.channel.AbstractChannelHandlerContext.fireChannelRead(AbstractChannelHandlerContext.java:337) ~[netty-transport-4.1.34.Final.jar:4.1.34.Final]
	at io.netty.channel.ChannelInboundHandlerAdapter.channelRead(ChannelInboundHandlerAdapter.java:86) ~[netty-transport-4.1.34.Final.jar:4.1.34.Final]
	at io.netty.channel.AbstractChannelHandlerContext.invokeChannelRead(AbstractChannelHandlerContext.java:359) ~[netty-transport-4.1.34.Final.jar:4.1.34.Final]
	at io.netty.channel.AbstractChannelHandlerContext.invokeChannelRead(AbstractChannelHandlerContext.java:345) ~[netty-transport-4.1.34.Final.jar:4.1.34.Final]
	at io.netty.channel.AbstractChannelHandlerContext.fireChannelRead(AbstractChannelHandlerContext.java:337) ~[netty-transport-4.1.34.Final.jar:4.1.34.Final]
	at io.netty.channel.DefaultChannelPipeline$HeadContext.channelRead(DefaultChannelPipeline.java:1408) ~[netty-transport-4.1.34.Final.jar:4.1.34.Final]
	at io.netty.channel.AbstractChannelHandlerContext.invokeChannelRead(AbstractChannelHandlerContext.java:359) ~[netty-transport-4.1.34.Final.jar:4.1.34.Final]
	at io.netty.channel.AbstractChannelHandlerContext.invokeChannelRead(AbstractChannelHandlerContext.java:345) ~[netty-transport-4.1.34.Final.jar:4.1.34.Final]
	at io.netty.channel.DefaultChannelPipeline.fireChannelRead(DefaultChannelPipeline.java:930) ~[netty-transport-4.1.34.Final.jar:4.1.34.Final]
	at io.netty.channel.nio.AbstractNioByteChannel$NioByteUnsafe.read(AbstractNioByteChannel.java:163) ~[netty-transport-4.1.34.Final.jar:4.1.34.Final]
	at io.netty.channel.nio.NioEventLoop.processSelectedKey(NioEventLoop.java:677) ~[netty-transport-4.1.34.Final.jar:4.1.34.Final]
	at io.netty.channel.nio.NioEventLoop.processSelectedKeysOptimized(NioEventLoop.java:612) ~[netty-transport-4.1.34.Final.jar:4.1.34.Final]
	at io.netty.channel.nio.NioEventLoop.processSelectedKeys(NioEventLoop.java:529) ~[netty-transport-4.1.34.Final.jar:4.1.34.Final]
	at io.netty.channel.nio.NioEventLoop.run(NioEventLoop.java:491) ~[netty-transport-4.1.34.Final.jar:4.1.34.Final]
	at io.netty.util.concurrent.SingleThreadEventExecutor$5.run(SingleThreadEventExecutor.java:905) ~[netty-common-4.1.34.Final.jar:4.1.34.Final]
	at io.netty.util.concurrent.FastThreadLocalRunnable.run(FastThreadLocalRunnable.java:30) ~[netty-common-4.1.34.Final.jar:4.1.34.Final]
	at java.lang.Thread.run(Thread.java:748) [na:1.8.0_131]

2021-06-05 14:12:32.533 ERROR 18204 --- [http-nio-8084-exec-1] o.a.c.c.C.[Tomcat].[localhost]           : Exception Processing ErrorPage[errorCode=0, location=/error]

org.springframework.web.util.NestedServletException: Request processing failed; nested exception is org.springframework.data.redis.RedisConnectionFailureException: Unable to connect to Redis; nested exception is io.lettuce.core.RedisConnectionException: Unable to connect to 127.0.0.1:6379
	at org.springframework.web.servlet.FrameworkServlet.processRequest(FrameworkServlet.java:1013) ~[spring-webmvc-5.1.6.RELEASE.jar:5.1.6.RELEASE]
	at org.springframework.web.servlet.FrameworkServlet.doGet(FrameworkServlet.java:897) ~[spring-webmvc-5.1.6.RELEASE.jar:5.1.6.RELEASE]
	at javax.servlet.http.HttpServlet.service(HttpServlet.java:634) ~[tomcat-embed-core-9.0.17.jar:9.0.17]
	at org.springframework.web.servlet.FrameworkServlet.service(FrameworkServlet.java:882) ~[spring-webmvc-5.1.6.RELEASE.jar:5.1.6.RELEASE]
	at javax.servlet.http.HttpServlet.service(HttpServlet.java:741) ~[tomcat-embed-core-9.0.17.jar:9.0.17]
	at org.apache.catalina.core.ApplicationFilterChain.internalDoFilter(ApplicationFilterChain.java:231) ~[tomcat-embed-core-9.0.17.jar:9.0.17]
	at org.apache.catalina.core.ApplicationFilterChain.doFilter(ApplicationFilterChain.java:166) ~[tomcat-embed-core-9.0.17.jar:9.0.17]
	at org.apache.catalina.core.ApplicationDispatcher.invoke(ApplicationDispatcher.java:712) ~[tomcat-embed-core-9.0.17.jar:9.0.17]
	at org.apache.catalina.core.ApplicationDispatcher.processRequest(ApplicationDispatcher.java:461) ~[tomcat-embed-core-9.0.17.jar:9.0.17]
	at org.apache.catalina.core.ApplicationDispatcher.doForward(ApplicationDispatcher.java:384) ~[tomcat-embed-core-9.0.17.jar:9.0.17]
	at org.apache.catalina.core.ApplicationDispatcher.forward(ApplicationDispatcher.java:312) ~[tomcat-embed-core-9.0.17.jar:9.0.17]
	at org.apache.catalina.core.StandardHostValve.custom(StandardHostValve.java:394) [tomcat-embed-core-9.0.17.jar:9.0.17]
	at org.apache.catalina.core.StandardHostValve.status(StandardHostValve.java:253) [tomcat-embed-core-9.0.17.jar:9.0.17]
	at org.apache.catalina.core.StandardHostValve.throwable(StandardHostValve.java:348) [tomcat-embed-core-9.0.17.jar:9.0.17]
	at org.apache.catalina.core.StandardHostValve.invoke(StandardHostValve.java:173) [tomcat-embed-core-9.0.17.jar:9.0.17]
	at org.apache.catalina.valves.ErrorReportValve.invoke(ErrorReportValve.java:92) [tomcat-embed-core-9.0.17.jar:9.0.17]
	at org.apache.catalina.core.StandardEngineValve.invoke(StandardEngineValve.java:74) [tomcat-embed-core-9.0.17.jar:9.0.17]
	at org.apache.catalina.connector.CoyoteAdapter.service(CoyoteAdapter.java:343) [tomcat-embed-core-9.0.17.jar:9.0.17]
	at org.apache.coyote.http11.Http11Processor.service(Http11Processor.java:408) [tomcat-embed-core-9.0.17.jar:9.0.17]
	at org.apache.coyote.AbstractProcessorLight.process(AbstractProcessorLight.java:66) [tomcat-embed-core-9.0.17.jar:9.0.17]
	at org.apache.coyote.AbstractProtocol$ConnectionHandler.process(AbstractProtocol.java:834) [tomcat-embed-core-9.0.17.jar:9.0.17]
	at org.apache.tomcat.util.net.NioEndpoint$SocketProcessor.doRun(NioEndpoint.java:1415) [tomcat-embed-core-9.0.17.jar:9.0.17]
	at org.apache.tomcat.util.net.SocketProcessorBase.run(SocketProcessorBase.java:49) [tomcat-embed-core-9.0.17.jar:9.0.17]
	at java.util.concurrent.ThreadPoolExecutor.runWorker(ThreadPoolExecutor.java:1142) [na:1.8.0_131]
	at java.util.concurrent.ThreadPoolExecutor$Worker.run(ThreadPoolExecutor.java:617) [na:1.8.0_131]
	at org.apache.tomcat.util.threads.TaskThread$WrappingRunnable.run(TaskThread.java:61) [tomcat-embed-core-9.0.17.jar:9.0.17]
	at java.lang.Thread.run(Thread.java:748) [na:1.8.0_131]
Caused by: org.springframework.data.redis.RedisConnectionFailureException: Unable to connect to Redis; nested exception is io.lettuce.core.RedisConnectionException: Unable to connect to 127.0.0.1:6379
	at org.springframework.data.redis.connection.lettuce.LettuceConnectionFactory$SharedConnection.getNativeConnection(LettuceConnectionFactory.java:1111) ~[spring-data-redis-2.1.6.RELEASE.jar:2.1.6.RELEASE]
	at org.springframework.data.redis.connection.lettuce.LettuceConnectionFactory$SharedConnection.getConnection(LettuceConnectionFactory.java:1084) ~[spring-data-redis-2.1.6.RELEASE.jar:2.1.6.RELEASE]
	at org.springframework.data.redis.connection.lettuce.LettuceConnectionFactory.getSharedConnection(LettuceConnectionFactory.java:866) ~[spring-data-redis-2.1.6.RELEASE.jar:2.1.6.RELEASE]
	at org.springframework.data.redis.connection.lettuce.LettuceConnectionFactory.getConnection(LettuceConnectionFactory.java:341) ~[spring-data-redis-2.1.6.RELEASE.jar:2.1.6.RELEASE]
	at org.springframework.data.redis.core.RedisConnectionUtils.doGetConnection(RedisConnectionUtils.java:132) ~[spring-data-redis-2.1.6.RELEASE.jar:2.1.6.RELEASE]
	at org.springframework.data.redis.core.RedisConnectionUtils.getConnection(RedisConnectionUtils.java:95) ~[spring-data-redis-2.1.6.RELEASE.jar:2.1.6.RELEASE]
	at org.springframework.data.redis.core.RedisConnectionUtils.getConnection(RedisConnectionUtils.java:82) ~[spring-data-redis-2.1.6.RELEASE.jar:2.1.6.RELEASE]
	at org.springframework.data.redis.core.RedisTemplate.execute(RedisTemplate.java:211) ~[spring-data-redis-2.1.6.RELEASE.jar:2.1.6.RELEASE]
	at org.springframework.data.redis.core.RedisTemplate.execute(RedisTemplate.java:184) ~[spring-data-redis-2.1.6.RELEASE.jar:2.1.6.RELEASE]
	at org.springframework.data.redis.core.AbstractOperations.execute(AbstractOperations.java:95) ~[spring-data-redis-2.1.6.RELEASE.jar:2.1.6.RELEASE]
	at org.springframework.data.redis.core.DefaultHashOperations.get(DefaultHashOperations.java:53) ~[spring-data-redis-2.1.6.RELEASE.jar:2.1.6.RELEASE]
	at com.putao_seo.api.interceptor.CostInterceptor.preHandle(CostInterceptor.java:59) ~[classes/:na]
	at org.springframework.web.servlet.HandlerExecutionChain.applyPreHandle(HandlerExecutionChain.java:136) ~[spring-webmvc-5.1.6.RELEASE.jar:5.1.6.RELEASE]
	at org.springframework.web.servlet.DispatcherServlet.doDispatch(DispatcherServlet.java:1033) ~[spring-webmvc-5.1.6.RELEASE.jar:5.1.6.RELEASE]
	at org.springframework.web.servlet.DispatcherServlet.doService(DispatcherServlet.java:942) ~[spring-webmvc-5.1.6.RELEASE.jar:5.1.6.RELEASE]
	at org.springframework.web.servlet.FrameworkServlet.processRequest(FrameworkServlet.java:1005) ~[spring-webmvc-5.1.6.RELEASE.jar:5.1.6.RELEASE]
	... 26 common frames omitted
Caused by: io.lettuce.core.RedisConnectionException: Unable to connect to 127.0.0.1:6379
	at io.lettuce.core.RedisConnectionException.create(RedisConnectionException.java:78) ~[lettuce-core-5.1.6.RELEASE.jar:na]
	at io.lettuce.core.RedisConnectionException.create(RedisConnectionException.java:56) ~[lettuce-core-5.1.6.RELEASE.jar:na]
	at io.lettuce.core.AbstractRedisClient.getConnection(AbstractRedisClient.java:235) ~[lettuce-core-5.1.6.RELEASE.jar:na]
	at io.lettuce.core.RedisClient.connect(RedisClient.java:204) ~[lettuce-core-5.1.6.RELEASE.jar:na]
	at org.springframework.data.redis.connection.lettuce.StandaloneConnectionProvider.lambda$getConnection$1(StandaloneConnectionProvider.java:113) ~[spring-data-redis-2.1.6.RELEASE.jar:2.1.6.RELEASE]
	at java.util.Optional.orElseGet(Optional.java:267) ~[na:1.8.0_131]
	at org.springframework.data.redis.connection.lettuce.StandaloneConnectionProvider.getConnection(StandaloneConnectionProvider.java:113) ~[spring-data-redis-2.1.6.RELEASE.jar:2.1.6.RELEASE]
	at org.springframework.data.redis.connection.lettuce.LettuceConnectionFactory$SharedConnection.getNativeConnection(LettuceConnectionFactory.java:1104) ~[spring-data-redis-2.1.6.RELEASE.jar:2.1.6.RELEASE]
	... 41 common frames omitted
Caused by: io.lettuce.core.RedisCommandExecutionException: ERR Client sent AUTH, but no password is set
	at io.lettuce.core.ExceptionFactory.createExecutionException(ExceptionFactory.java:135) ~[lettuce-core-5.1.6.RELEASE.jar:na]
	at io.lettuce.core.ExceptionFactory.createExecutionException(ExceptionFactory.java:108) ~[lettuce-core-5.1.6.RELEASE.jar:na]
	at io.lettuce.core.protocol.AsyncCommand.completeResult(AsyncCommand.java:120) ~[lettuce-core-5.1.6.RELEASE.jar:na]
	at io.lettuce.core.protocol.AsyncCommand.complete(AsyncCommand.java:111) ~[lettuce-core-5.1.6.RELEASE.jar:na]
	at io.lettuce.core.protocol.CommandHandler.complete(CommandHandler.java:646) ~[lettuce-core-5.1.6.RELEASE.jar:na]
	at io.lettuce.core.protocol.CommandHandler.decode(CommandHandler.java:604) ~[lettuce-core-5.1.6.RELEASE.jar:na]
	at io.lettuce.core.protocol.CommandHandler.channelRead(CommandHandler.java:556) ~[lettuce-core-5.1.6.RELEASE.jar:na]
	at io.netty.channel.AbstractChannelHandlerContext.invokeChannelRead(AbstractChannelHandlerContext.java:359) ~[netty-transport-4.1.34.Final.jar:4.1.34.Final]
	at io.netty.channel.AbstractChannelHandlerContext.invokeChannelRead(AbstractChannelHandlerContext.java:345) ~[netty-transport-4.1.34.Final.jar:4.1.34.Final]
	at io.netty.channel.AbstractChannelHandlerContext.fireChannelRead(AbstractChannelHandlerContext.java:337) ~[netty-transport-4.1.34.Final.jar:4.1.34.Final]
	at io.netty.channel.ChannelInboundHandlerAdapter.channelRead(ChannelInboundHandlerAdapter.java:86) ~[netty-transport-4.1.34.Final.jar:4.1.34.Final]
	at io.netty.channel.AbstractChannelHandlerContext.invokeChannelRead(AbstractChannelHandlerContext.java:359) ~[netty-transport-4.1.34.Final.jar:4.1.34.Final]
	at io.netty.channel.AbstractChannelHandlerContext.invokeChannelRead(AbstractChannelHandlerContext.java:345) ~[netty-transport-4.1.34.Final.jar:4.1.34.Final]
	at io.netty.channel.AbstractChannelHandlerContext.fireChannelRead(AbstractChannelHandlerContext.java:337) ~[netty-transport-4.1.34.Final.jar:4.1.34.Final]
	at io.netty.channel.ChannelInboundHandlerAdapter.channelRead(ChannelInboundHandlerAdapter.java:86) ~[netty-transport-4.1.34.Final.jar:4.1.34.Final]
	at io.netty.channel.AbstractChannelHandlerContext.invokeChannelRead(AbstractChannelHandlerContext.java:359) ~[netty-transport-4.1.34.Final.jar:4.1.34.Final]
	at io.netty.channel.AbstractChannelHandlerContext.invokeChannelRead(AbstractChannelHandlerContext.java:345) ~[netty-transport-4.1.34.Final.jar:4.1.34.Final]
	at io.netty.channel.AbstractChannelHandlerContext.fireChannelRead(AbstractChannelHandlerContext.java:337) ~[netty-transport-4.1.34.Final.jar:4.1.34.Final]
	at io.netty.channel.DefaultChannelPipeline$HeadContext.channelRead(DefaultChannelPipeline.java:1408) ~[netty-transport-4.1.34.Final.jar:4.1.34.Final]
	at io.netty.channel.AbstractChannelHandlerContext.invokeChannelRead(AbstractChannelHandlerContext.java:359) ~[netty-transport-4.1.34.Final.jar:4.1.34.Final]
	at io.netty.channel.AbstractChannelHandlerContext.invokeChannelRead(AbstractChannelHandlerContext.java:345) ~[netty-transport-4.1.34.Final.jar:4.1.34.Final]
	at io.netty.channel.DefaultChannelPipeline.fireChannelRead(DefaultChannelPipeline.java:930) ~[netty-transport-4.1.34.Final.jar:4.1.34.Final]
	at io.netty.channel.nio.AbstractNioByteChannel$NioByteUnsafe.read(AbstractNioByteChannel.java:163) ~[netty-transport-4.1.34.Final.jar:4.1.34.Final]
	at io.netty.channel.nio.NioEventLoop.processSelectedKey(NioEventLoop.java:677) ~[netty-transport-4.1.34.Final.jar:4.1.34.Final]
	at io.netty.channel.nio.NioEventLoop.processSelectedKeysOptimized(NioEventLoop.java:612) ~[netty-transport-4.1.34.Final.jar:4.1.34.Final]
	at io.netty.channel.nio.NioEventLoop.processSelectedKeys(NioEventLoop.java:529) ~[netty-transport-4.1.34.Final.jar:4.1.34.Final]
	at io.netty.channel.nio.NioEventLoop.run(NioEventLoop.java:491) ~[netty-transport-4.1.34.Final.jar:4.1.34.Final]
	at io.netty.util.concurrent.SingleThreadEventExecutor$5.run(SingleThreadEventExecutor.java:905) ~[netty-common-4.1.34.Final.jar:4.1.34.Final]
	at io.netty.util.concurrent.FastThreadLocalRunnable.run(FastThreadLocalRunnable.java:30) ~[netty-common-4.1.34.Final.jar:4.1.34.Final]
	... 1 common frames omitted

2021-06-05 14:35:38.877  INFO 13532 --- [main] c.putao_seo.api.PutaoSeoApiApplication   : Starting PutaoSeoApiApplication on WINDOWS-8A4QS9Q with PID 13532 (D:\java_projuct\putao_seo_api-master\target\classes started by LENOVO in D:\java_projuct\putao_seo_api-master)
2021-06-05 14:35:38.896  INFO 13532 --- [main] c.putao_seo.api.PutaoSeoApiApplication   : No active profile set, falling back to default profiles: default
2021-06-05 14:35:41.971  INFO 13532 --- [main] .s.d.r.c.RepositoryConfigurationDelegate : Multiple Spring Data modules found, entering strict repository configuration mode!
2021-06-05 14:35:41.981  INFO 13532 --- [main] .s.d.r.c.RepositoryConfigurationDelegate : Bootstrapping Spring Data repositories in DEFAULT mode.
2021-06-05 14:35:42.102  INFO 13532 --- [main] .s.d.r.c.RepositoryConfigurationDelegate : Finished Spring Data repository scanning in 112ms. Found 0 repository interfaces.
2021-06-05 14:35:42.126  INFO 13532 --- [main] .s.d.r.c.RepositoryConfigurationDelegate : Multiple Spring Data modules found, entering strict repository configuration mode!
2021-06-05 14:35:42.129  INFO 13532 --- [main] .s.d.r.c.RepositoryConfigurationDelegate : Bootstrapping Spring Data repositories in DEFAULT mode.
2021-06-05 14:35:42.226  INFO 13532 --- [main] .s.d.r.c.RepositoryConfigurationDelegate : Finished Spring Data repository scanning in 76ms. Found 0 repository interfaces.
2021-06-05 14:35:43.102  INFO 13532 --- [main] trationDelegate$BeanPostProcessorChecker : Bean 'org.springframework.transaction.annotation.ProxyTransactionManagementConfiguration' of type [org.springframework.transaction.annotation.ProxyTransactionManagementConfiguration$$EnhancerBySpringCGLIB$$65da913c] is not eligible for getting processed by all BeanPostProcessors (for example: not eligible for auto-proxying)
2021-06-05 14:35:43.264  INFO 13532 --- [main] trationDelegate$BeanPostProcessorChecker : Bean 'appRedisProperty' of type [com.putao_seo.api.redis.property.AppRedisProperty$$EnhancerBySpringCGLIB$$d81632a2] is not eligible for getting processed by all BeanPostProcessors (for example: not eligible for auto-proxying)
2021-06-05 14:35:43.273  INFO 13532 --- [main] trationDelegate$BeanPostProcessorChecker : Bean 'miniRedisProperty' of type [com.putao_seo.api.redis.property.MiniRedisProperty$$EnhancerBySpringCGLIB$$3ddc9308] is not eligible for getting processed by all BeanPostProcessors (for example: not eligible for auto-proxying)
2021-06-05 14:35:43.275  INFO 13532 --- [main] trationDelegate$BeanPostProcessorChecker : Bean 'redisConfiguration' of type [com.putao_seo.api.redis.conf.RedisConfiguration$$EnhancerBySpringCGLIB$$d1288eff] is not eligible for getting processed by all BeanPostProcessors (for example: not eligible for auto-proxying)
2021-06-05 14:35:43.858  INFO 13532 --- [main] o.s.b.w.embedded.tomcat.TomcatWebServer  : Tomcat initialized with port(s): 8084 (http)
2021-06-05 14:35:43.905  INFO 13532 --- [main] o.apache.catalina.core.StandardService   : Starting service [Tomcat]
2021-06-05 14:35:43.906  INFO 13532 --- [main] org.apache.catalina.core.StandardEngine  : Starting Servlet engine: [Apache Tomcat/9.0.17]
2021-06-05 14:35:44.385  INFO 13532 --- [main] o.a.c.c.C.[Tomcat].[localhost].[/api]    : Initializing Spring embedded WebApplicationContext
2021-06-05 14:35:44.385  INFO 13532 --- [main] o.s.web.context.ContextLoader            : Root WebApplicationContext: initialization completed in 5010 ms
2021-06-05 14:35:46.013  INFO 13532 --- [main] io.searchbox.client.AbstractJestClient   : Setting server pool to a list of 1 servers: [http://localhost:9200]
2021-06-05 14:35:46.016  INFO 13532 --- [main] io.searchbox.client.JestClientFactory    : Using multi thread/connection supporting pooling connection manager
2021-06-05 14:35:46.117  INFO 13532 --- [main] io.searchbox.client.JestClientFactory    : Using custom GSON instance
2021-06-05 14:35:46.118  INFO 13532 --- [main] io.searchbox.client.JestClientFactory    : Node Discovery disabled...
2021-06-05 14:35:46.118  INFO 13532 --- [main] io.searchbox.client.JestClientFactory    : Idle connection reaping disabled...
2021-06-05 14:35:46.763  INFO 13532 --- [main] pertySourcedRequestMappingHandlerMapping : Mapped URL path [/v2/api-docs] onto method [public org.springframework.http.ResponseEntity<springfox.documentation.spring.web.json.Json> springfox.documentation.swagger2.web.Swagger2Controller.getDocumentation(java.lang.String,javax.servlet.http.HttpServletRequest)]
2021-06-05 14:35:47.002  INFO 13532 --- [main] o.s.s.concurrent.ThreadPoolTaskExecutor  : Initializing ExecutorService 'applicationTaskExecutor'
2021-06-05 14:35:47.528  INFO 13532 --- [main] d.s.w.p.DocumentationPluginsBootstrapper : Context refreshed
2021-06-05 14:35:47.558  INFO 13532 --- [main] d.s.w.p.DocumentationPluginsBootstrapper : Found 1 custom documentation plugin(s)
2021-06-05 14:35:47.602  INFO 13532 --- [main] s.d.s.w.s.ApiListingReferenceScanner     : Scanning for api listing references
2021-06-05 14:35:47.877  INFO 13532 --- [main] .d.s.w.r.o.CachingOperationNameGenerator : Generating unique operation named: queryDetailUsingGET_1
2021-06-05 14:35:47.900  INFO 13532 --- [main] .d.s.w.r.o.CachingOperationNameGenerator : Generating unique operation named: queryDetailUsingGET_2
2021-06-05 14:35:47.941  INFO 13532 --- [main] o.s.b.w.embedded.tomcat.TomcatWebServer  : Tomcat started on port(s): 8084 (http) with context path '/api'
2021-06-05 14:35:47.945  INFO 13532 --- [main] c.putao_seo.api.PutaoSeoApiApplication   : Started PutaoSeoApiApplication in 11.023 seconds (JVM running for 13.405)
2021-06-05 14:36:31.054  INFO 13532 --- [http-nio-8084-exec-1] o.a.c.c.C.[Tomcat].[localhost].[/api]    : Initializing Spring DispatcherServlet 'dispatcherServlet'
2021-06-05 14:36:31.056  INFO 13532 --- [http-nio-8084-exec-1] o.s.web.servlet.DispatcherServlet        : Initializing Servlet 'dispatcherServlet'
2021-06-05 14:36:31.118  INFO 13532 --- [http-nio-8084-exec-1] o.s.web.servlet.DispatcherServlet        : Completed initialization in 59 ms
2021-06-05 14:36:31.399  INFO 13532 --- [http-nio-8084-exec-1] c.p.api.interceptor.CostInterceptor      : [URL]/api/swagger-ui.html[PARAMS]
2021-06-05 14:36:31.933  INFO 13532 --- [http-nio-8084-exec-1] io.lettuce.core.EpollProvider            : Starting without optional epoll library
2021-06-05 14:36:31.941  INFO 13532 --- [http-nio-8084-exec-1] io.lettuce.core.KqueueProvider           : Starting without optional kqueue library
2021-06-05 14:36:33.350  INFO 13532 --- [http-nio-8084-exec-1] c.p.api.interceptor.CostInterceptor      : [Putao-Observer,cost=35,http_code=200,city=null,ip=0:0:0:0:0:0:0:1,uri=/api/swagger-ui.html,uuid=115de4e0-6714-405e-b263-305fe3e2f859]
2021-06-05 14:36:33.410  INFO 13532 --- [http-nio-8084-exec-2] c.p.api.interceptor.CostInterceptor      : [URL]/api/webjars/springfox-swagger-ui/springfox.css[PARAMS]v:2.9.2|;
2021-06-05 14:36:33.415  INFO 13532 --- [http-nio-8084-exec-4] c.p.api.interceptor.CostInterceptor      : [URL]/api/webjars/springfox-swagger-ui/swagger-ui-bundle.js[PARAMS]v:2.9.2|;
2021-06-05 14:36:33.415  INFO 13532 --- [http-nio-8084-exec-3] c.p.api.interceptor.CostInterceptor      : [URL]/api/webjars/springfox-swagger-ui/swagger-ui.css[PARAMS]v:2.9.2|;
2021-06-05 14:36:33.422  INFO 13532 --- [http-nio-8084-exec-5] c.p.api.interceptor.CostInterceptor      : [URL]/api/webjars/springfox-swagger-ui/swagger-ui-standalone-preset.js[PARAMS]v:2.9.2|;
2021-06-05 14:36:33.422  INFO 13532 --- [http-nio-8084-exec-2] c.p.api.interceptor.CostInterceptor      : [Putao-Observer,cost=9,http_code=200,city=null,ip=0:0:0:0:0:0:0:1,uri=/api/webjars/springfox-swagger-ui/springfox.css,uuid=59a757e5-d498-4bae-a658-3cf1e68cf5fb]
2021-06-05 14:36:33.426  INFO 13532 --- [http-nio-8084-exec-6] c.p.api.interceptor.CostInterceptor      : [URL]/api/webjars/springfox-swagger-ui/springfox.js[PARAMS]v:2.9.2|;
2021-06-05 14:36:33.434  INFO 13532 --- [http-nio-8084-exec-3] c.p.api.interceptor.CostInterceptor      : [Putao-Observer,cost=13,http_code=200,city=null,ip=0:0:0:0:0:0:0:1,uri=/api/webjars/springfox-swagger-ui/swagger-ui.css,uuid=db98aeaf-7df0-4e3f-8a2d-4b499d9ac15d]
2021-06-05 14:36:33.442  INFO 13532 --- [http-nio-8084-exec-6] c.p.api.interceptor.CostInterceptor      : [Putao-Observer,cost=6,http_code=200,city=null,ip=0:0:0:0:0:0:0:1,uri=/api/webjars/springfox-swagger-ui/springfox.js,uuid=c66387bc-28ac-4942-8c36-162ad23cf81f]
2021-06-05 14:36:33.448  INFO 13532 --- [http-nio-8084-exec-5] c.p.api.interceptor.CostInterceptor      : [Putao-Observer,cost=21,http_code=200,city=null,ip=0:0:0:0:0:0:0:1,uri=/api/webjars/springfox-swagger-ui/swagger-ui-standalone-preset.js,uuid=08374780-314a-4319-84c4-e80a4cf396cc]
2021-06-05 14:36:33.530  INFO 13532 --- [http-nio-8084-exec-4] c.p.api.interceptor.CostInterceptor      : [Putao-Observer,cost=112,http_code=200,city=null,ip=0:0:0:0:0:0:0:1,uri=/api/webjars/springfox-swagger-ui/swagger-ui-bundle.js,uuid=43703cfe-2c9c-459e-9211-a254683ef3ab]
2021-06-05 14:36:34.058  INFO 13532 --- [http-nio-8084-exec-7] c.p.api.interceptor.CostInterceptor      : [URL]/api/swagger-resources/configuration/ui[PARAMS]
2021-06-05 14:36:34.133  INFO 13532 --- [http-nio-8084-exec-8] c.p.api.interceptor.CostInterceptor      : [URL]/api/webjars/springfox-swagger-ui/favicon-32x32.png[PARAMS]v:2.9.2|;
2021-06-05 14:36:34.147  INFO 13532 --- [http-nio-8084-exec-8] c.p.api.interceptor.CostInterceptor      : [Putao-Observer,cost=6,http_code=200,city=null,ip=0:0:0:0:0:0:0:1,uri=/api/webjars/springfox-swagger-ui/favicon-32x32.png,uuid=3df377e3-cc07-45cb-9b75-be3bd4cfca8f]
2021-06-05 14:36:34.266  INFO 13532 --- [http-nio-8084-exec-7] c.p.api.interceptor.CostInterceptor      : [Putao-Observer,cost=205,http_code=200,city=null,ip=0:0:0:0:0:0:0:1,uri=/api/swagger-resources/configuration/ui,uuid=88e4a176-9d6a-4ebb-8efe-f343c46b34b7]
2021-06-05 14:36:34.279  INFO 13532 --- [http-nio-8084-exec-9] c.p.api.interceptor.CostInterceptor      : [URL]/api/swagger-resources/configuration/security[PARAMS]
2021-06-05 14:36:34.315  INFO 13532 --- [http-nio-8084-exec-9] c.p.api.interceptor.CostInterceptor      : [Putao-Observer,cost=34,http_code=200,city=null,ip=0:0:0:0:0:0:0:1,uri=/api/swagger-resources/configuration/security,uuid=315a07e9-738d-4e73-a75a-c6939aaa020b]
2021-06-05 14:36:34.324  INFO 13532 --- [http-nio-8084-exec-10] c.p.api.interceptor.CostInterceptor      : [URL]/api/swagger-resources[PARAMS]
2021-06-05 14:36:34.339  INFO 13532 --- [http-nio-8084-exec-10] c.p.api.interceptor.CostInterceptor      : [Putao-Observer,cost=13,http_code=200,city=null,ip=0:0:0:0:0:0:0:1,uri=/api/swagger-resources,uuid=027b012c-2155-4c06-b38d-e1ce9b2469ec]
2021-06-05 14:36:34.386  INFO 13532 --- [http-nio-8084-exec-2] c.p.api.interceptor.CostInterceptor      : [URL]/api/[PARAMS]
2021-06-05 14:36:34.388  INFO 13532 --- [http-nio-8084-exec-2] c.p.api.interceptor.CostInterceptor      : [Putao-Observer,cost=0,http_code=404,city=null,ip=0:0:0:0:0:0:0:1,uri=/api/,uuid=bc21ca60-d1cf-4a0f-a8b5-1f9e29d2b8f2]
2021-06-05 14:36:34.398  INFO 13532 --- [http-nio-8084-exec-2] c.p.api.interceptor.CostInterceptor      : [URL]/api/error[PARAMS]
2021-06-05 14:36:34.432  INFO 13532 --- [http-nio-8084-exec-2] c.p.api.interceptor.CostInterceptor      : [Putao-Observer,cost=32,http_code=404,city=null,ip=0:0:0:0:0:0:0:1,uri=/api/error,uuid=1aa56b3d-a26f-49dd-8465-85ddd480ab65]
2021-06-05 14:36:34.558  INFO 13532 --- [http-nio-8084-exec-3] c.p.api.interceptor.CostInterceptor      : [URL]/api/webjars/springfox-swagger-ui/fonts/titillium-web-v6-latin-700.woff2[PARAMS]
2021-06-05 14:36:34.617  INFO 13532 --- [http-nio-8084-exec-6] c.p.api.interceptor.CostInterceptor      : [URL]/api/csrf[PARAMS]
2021-06-05 14:36:34.627  INFO 13532 --- [http-nio-8084-exec-3] c.p.api.interceptor.CostInterceptor      : [Putao-Observer,cost=49,http_code=200,city=null,ip=0:0:0:0:0:0:0:1,uri=/api/webjars/springfox-swagger-ui/fonts/titillium-web-v6-latin-700.woff2,uuid=d5925f82-976e-445f-a2b9-7754f79f7d42]
2021-06-05 14:36:34.629  INFO 13532 --- [http-nio-8084-exec-6] c.p.api.interceptor.CostInterceptor      : [Putao-Observer,cost=2,http_code=404,city=null,ip=0:0:0:0:0:0:0:1,uri=/api/csrf,uuid=a2a264bf-45b2-4608-a548-c533eb017559]
2021-06-05 14:36:34.630  INFO 13532 --- [http-nio-8084-exec-6] c.p.api.interceptor.CostInterceptor      : [URL]/api/error[PARAMS]
2021-06-05 14:36:34.639  INFO 13532 --- [http-nio-8084-exec-6] c.p.api.interceptor.CostInterceptor      : [Putao-Observer,cost=6,http_code=404,city=null,ip=0:0:0:0:0:0:0:1,uri=/api/error,uuid=48a895f1-d712-401c-ae7c-8fa1cb616b9f]
2021-06-05 14:36:34.826  WARN 13532 --- [http-nio-8084-exec-1] i.s.m.p.AbstractSerializableParameter    : Illegal DefaultValue  for parameter type integer

java.lang.NumberFormatException: For input string: ""
	at java.lang.NumberFormatException.forInputString(NumberFormatException.java:65) ~[na:1.8.0_131]
	at java.lang.Long.parseLong(Long.java:601) ~[na:1.8.0_131]
	at java.lang.Long.valueOf(Long.java:803) ~[na:1.8.0_131]
	at io.swagger.models.parameters.AbstractSerializableParameter.getExample(AbstractSerializableParameter.java:412) ~[swagger-models-1.5.20.jar:1.5.20]
	at sun.reflect.NativeMethodAccessorImpl.invoke0(Native Method) ~[na:1.8.0_131]
	at sun.reflect.NativeMethodAccessorImpl.invoke(NativeMethodAccessorImpl.java:62) ~[na:1.8.0_131]
	at sun.reflect.DelegatingMethodAccessorImpl.invoke(DelegatingMethodAccessorImpl.java:43) ~[na:1.8.0_131]
	at java.lang.reflect.Method.invoke(Method.java:498) ~[na:1.8.0_131]
	at com.fasterxml.jackson.databind.ser.BeanPropertyWriter.serializeAsField(BeanPropertyWriter.java:688) [jackson-databind-2.9.8.jar:2.9.8]
	at com.fasterxml.jackson.databind.ser.std.BeanSerializerBase.serializeFields(BeanSerializerBase.java:719) [jackson-databind-2.9.8.jar:2.9.8]
	at com.fasterxml.jackson.databind.ser.BeanSerializer.serialize(BeanSerializer.java:155) [jackson-databind-2.9.8.jar:2.9.8]
	at com.fasterxml.jackson.databind.ser.impl.IndexedListSerializer.serializeContents(IndexedListSerializer.java:119) [jackson-databind-2.9.8.jar:2.9.8]
	at com.fasterxml.jackson.databind.ser.impl.IndexedListSerializer.serialize(IndexedListSerializer.java:79) [jackson-databind-2.9.8.jar:2.9.8]
	at com.fasterxml.jackson.databind.ser.impl.IndexedListSerializer.serialize(IndexedListSerializer.java:18) [jackson-databind-2.9.8.jar:2.9.8]
	at com.fasterxml.jackson.databind.ser.BeanPropertyWriter.serializeAsField(BeanPropertyWriter.java:727) [jackson-databind-2.9.8.jar:2.9.8]
	at com.fasterxml.jackson.databind.ser.std.BeanSerializerBase.serializeFields(BeanSerializerBase.java:719) [jackson-databind-2.9.8.jar:2.9.8]
	at com.fasterxml.jackson.databind.ser.BeanSerializer.serialize(BeanSerializer.java:155) [jackson-databind-2.9.8.jar:2.9.8]
	at com.fasterxml.jackson.databind.ser.BeanPropertyWriter.serializeAsField(BeanPropertyWriter.java:727) [jackson-databind-2.9.8.jar:2.9.8]
	at com.fasterxml.jackson.databind.ser.std.BeanSerializerBase.serializeFields(BeanSerializerBase.java:719) [jackson-databind-2.9.8.jar:2.9.8]
	at com.fasterxml.jackson.databind.ser.BeanSerializer.serialize(BeanSerializer.java:155) [jackson-databind-2.9.8.jar:2.9.8]
	at com.fasterxml.jackson.databind.ser.std.MapSerializer.serializeFields(MapSerializer.java:722) [jackson-databind-2.9.8.jar:2.9.8]
	at com.fasterxml.jackson.databind.ser.std.MapSerializer.serialize(MapSerializer.java:643) [jackson-databind-2.9.8.jar:2.9.8]
	at com.fasterxml.jackson.databind.ser.std.MapSerializer.serialize(MapSerializer.java:33) [jackson-databind-2.9.8.jar:2.9.8]
	at com.fasterxml.jackson.databind.ser.BeanPropertyWriter.serializeAsField(BeanPropertyWriter.java:727) [jackson-databind-2.9.8.jar:2.9.8]
	at com.fasterxml.jackson.databind.ser.std.BeanSerializerBase.serializeFields(BeanSerializerBase.java:719) [jackson-databind-2.9.8.jar:2.9.8]
	at com.fasterxml.jackson.databind.ser.BeanSerializer.serialize(BeanSerializer.java:155) [jackson-databind-2.9.8.jar:2.9.8]
	at com.fasterxml.jackson.databind.ser.DefaultSerializerProvider._serialize(DefaultSerializerProvider.java:480) [jackson-databind-2.9.8.jar:2.9.8]
	at com.fasterxml.jackson.databind.ser.DefaultSerializerProvider.serializeValue(DefaultSerializerProvider.java:319) [jackson-databind-2.9.8.jar:2.9.8]
	at com.fasterxml.jackson.databind.ObjectMapper._configAndWriteValue(ObjectMapper.java:3905) [jackson-databind-2.9.8.jar:2.9.8]
	at com.fasterxml.jackson.databind.ObjectMapper.writeValueAsString(ObjectMapper.java:3219) [jackson-databind-2.9.8.jar:2.9.8]
	at springfox.documentation.spring.web.json.JsonSerializer.toJson(JsonSerializer.java:38) [springfox-spring-web-2.9.2.jar:null]
	at springfox.documentation.swagger2.web.Swagger2Controller.getDocumentation(Swagger2Controller.java:105) [springfox-swagger2-2.9.2.jar:null]
	at sun.reflect.NativeMethodAccessorImpl.invoke0(Native Method) ~[na:1.8.0_131]
	at sun.reflect.NativeMethodAccessorImpl.invoke(NativeMethodAccessorImpl.java:62) ~[na:1.8.0_131]
	at sun.reflect.DelegatingMethodAccessorImpl.invoke(DelegatingMethodAccessorImpl.java:43) ~[na:1.8.0_131]
	at java.lang.reflect.Method.invoke(Method.java:498) ~[na:1.8.0_131]
	at org.springframework.web.method.support.InvocableHandlerMethod.doInvoke(InvocableHandlerMethod.java:189) [spring-web-5.1.6.RELEASE.jar:5.1.6.RELEASE]
	at org.springframework.web.method.support.InvocableHandlerMethod.invokeForRequest(InvocableHandlerMethod.java:138) [spring-web-5.1.6.RELEASE.jar:5.1.6.RELEASE]
	at org.springframework.web.servlet.mvc.method.annotation.ServletInvocableHandlerMethod.invokeAndHandle(ServletInvocableHandlerMethod.java:102) [spring-webmvc-5.1.6.RELEASE.jar:5.1.6.RELEASE]
	at org.springframework.web.servlet.mvc.method.annotation.RequestMappingHandlerAdapter.invokeHandlerMethod(RequestMappingHandlerAdapter.java:892) [spring-webmvc-5.1.6.RELEASE.jar:5.1.6.RELEASE]
	at org.springframework.web.servlet.mvc.method.annotation.RequestMappingHandlerAdapter.handleInternal(RequestMappingHandlerAdapter.java:797) [spring-webmvc-5.1.6.RELEASE.jar:5.1.6.RELEASE]
	at org.springframework.web.servlet.mvc.method.AbstractHandlerMethodAdapter.handle(AbstractHandlerMethodAdapter.java:87) [spring-webmvc-5.1.6.RELEASE.jar:5.1.6.RELEASE]
	at org.springframework.web.servlet.DispatcherServlet.doDispatch(DispatcherServlet.java:1038) [spring-webmvc-5.1.6.RELEASE.jar:5.1.6.RELEASE]
	at org.springframework.web.servlet.DispatcherServlet.doService(DispatcherServlet.java:942) [spring-webmvc-5.1.6.RELEASE.jar:5.1.6.RELEASE]
	at org.springframework.web.servlet.FrameworkServlet.processRequest(FrameworkServlet.java:1005) [spring-webmvc-5.1.6.RELEASE.jar:5.1.6.RELEASE]
	at org.springframework.web.servlet.FrameworkServlet.doGet(FrameworkServlet.java:897) [spring-webmvc-5.1.6.RELEASE.jar:5.1.6.RELEASE]
	at javax.servlet.http.HttpServlet.service(HttpServlet.java:634) [tomcat-embed-core-9.0.17.jar:9.0.17]
	at org.springframework.web.servlet.FrameworkServlet.service(FrameworkServlet.java:882) [spring-webmvc-5.1.6.RELEASE.jar:5.1.6.RELEASE]
	at javax.servlet.http.HttpServlet.service(HttpServlet.java:741) [tomcat-embed-core-9.0.17.jar:9.0.17]
	at org.apache.catalina.core.ApplicationFilterChain.internalDoFilter(ApplicationFilterChain.java:231) [tomcat-embed-core-9.0.17.jar:9.0.17]
	at org.apache.catalina.core.ApplicationFilterChain.doFilter(ApplicationFilterChain.java:166) [tomcat-embed-core-9.0.17.jar:9.0.17]
	at org.apache.tomcat.websocket.server.WsFilter.doFilter(WsFilter.java:53) [tomcat-embed-websocket-9.0.17.jar:9.0.17]
	at org.apache.catalina.core.ApplicationFilterChain.internalDoFilter(ApplicationFilterChain.java:193) [tomcat-embed-core-9.0.17.jar:9.0.17]
	at org.apache.catalina.core.ApplicationFilterChain.doFilter(ApplicationFilterChain.java:166) [tomcat-embed-core-9.0.17.jar:9.0.17]
	at org.springframework.web.filter.RequestContextFilter.doFilterInternal(RequestContextFilter.java:99) [spring-web-5.1.6.RELEASE.jar:5.1.6.RELEASE]
	at org.springframework.web.filter.OncePerRequestFilter.doFilter(OncePerRequestFilter.java:107) [spring-web-5.1.6.RELEASE.jar:5.1.6.RELEASE]
	at org.apache.catalina.core.ApplicationFilterChain.internalDoFilter(ApplicationFilterChain.java:193) [tomcat-embed-core-9.0.17.jar:9.0.17]
	at org.apache.catalina.core.ApplicationFilterChain.doFilter(ApplicationFilterChain.java:166) [tomcat-embed-core-9.0.17.jar:9.0.17]
	at org.springframework.web.filter.FormContentFilter.doFilterInternal(FormContentFilter.java:92) [spring-web-5.1.6.RELEASE.jar:5.1.6.RELEASE]
	at org.springframework.web.filter.OncePerRequestFilter.doFilter(OncePerRequestFilter.java:107) [spring-web-5.1.6.RELEASE.jar:5.1.6.RELEASE]
	at org.apache.catalina.core.ApplicationFilterChain.internalDoFilter(ApplicationFilterChain.java:193) [tomcat-embed-core-9.0.17.jar:9.0.17]
	at org.apache.catalina.core.ApplicationFilterChain.doFilter(ApplicationFilterChain.java:166) [tomcat-embed-core-9.0.17.jar:9.0.17]
	at org.springframework.web.filter.HiddenHttpMethodFilter.doFilterInternal(HiddenHttpMethodFilter.java:93) [spring-web-5.1.6.RELEASE.jar:5.1.6.RELEASE]
	at org.springframework.web.filter.OncePerRequestFilter.doFilter(OncePerRequestFilter.java:107) [spring-web-5.1.6.RELEASE.jar:5.1.6.RELEASE]
	at org.apache.catalina.core.ApplicationFilterChain.internalDoFilter(ApplicationFilterChain.java:193) [tomcat-embed-core-9.0.17.jar:9.0.17]
	at org.apache.catalina.core.ApplicationFilterChain.doFilter(ApplicationFilterChain.java:166) [tomcat-embed-core-9.0.17.jar:9.0.17]
	at org.springframework.web.filter.CharacterEncodingFilter.doFilterInternal(CharacterEncodingFilter.java:200) [spring-web-5.1.6.RELEASE.jar:5.1.6.RELEASE]
	at org.springframework.web.filter.OncePerRequestFilter.doFilter(OncePerRequestFilter.java:107) [spring-web-5.1.6.RELEASE.jar:5.1.6.RELEASE]
	at org.apache.catalina.core.ApplicationFilterChain.internalDoFilter(ApplicationFilterChain.java:193) [tomcat-embed-core-9.0.17.jar:9.0.17]
	at org.apache.catalina.core.ApplicationFilterChain.doFilter(ApplicationFilterChain.java:166) [tomcat-embed-core-9.0.17.jar:9.0.17]
	at org.apache.catalina.core.StandardWrapperValve.invoke(StandardWrapperValve.java:200) [tomcat-embed-core-9.0.17.jar:9.0.17]
	at org.apache.catalina.core.StandardContextValve.invoke(StandardContextValve.java:96) [tomcat-embed-core-9.0.17.jar:9.0.17]
	at org.apache.catalina.authenticator.AuthenticatorBase.invoke(AuthenticatorBase.java:490) [tomcat-embed-core-9.0.17.jar:9.0.17]
	at org.apache.catalina.core.StandardHostValve.invoke(StandardHostValve.java:139) [tomcat-embed-core-9.0.17.jar:9.0.17]
	at org.apache.catalina.valves.ErrorReportValve.invoke(ErrorReportValve.java:92) [tomcat-embed-core-9.0.17.jar:9.0.17]
	at org.apache.catalina.core.StandardEngineValve.invoke(StandardEngineValve.java:74) [tomcat-embed-core-9.0.17.jar:9.0.17]
	at org.apache.catalina.connector.CoyoteAdapter.service(CoyoteAdapter.java:343) [tomcat-embed-core-9.0.17.jar:9.0.17]
	at org.apache.coyote.http11.Http11Processor.service(Http11Processor.java:408) [tomcat-embed-core-9.0.17.jar:9.0.17]
	at org.apache.coyote.AbstractProcessorLight.process(AbstractProcessorLight.java:66) [tomcat-embed-core-9.0.17.jar:9.0.17]
	at org.apache.coyote.AbstractProtocol$ConnectionHandler.process(AbstractProtocol.java:834) [tomcat-embed-core-9.0.17.jar:9.0.17]
	at org.apache.tomcat.util.net.NioEndpoint$SocketProcessor.doRun(NioEndpoint.java:1415) [tomcat-embed-core-9.0.17.jar:9.0.17]
	at org.apache.tomcat.util.net.SocketProcessorBase.run(SocketProcessorBase.java:49) [tomcat-embed-core-9.0.17.jar:9.0.17]
	at java.util.concurrent.ThreadPoolExecutor.runWorker(ThreadPoolExecutor.java:1142) [na:1.8.0_131]
	at java.util.concurrent.ThreadPoolExecutor$Worker.run(ThreadPoolExecutor.java:617) [na:1.8.0_131]
	at org.apache.tomcat.util.threads.TaskThread$WrappingRunnable.run(TaskThread.java:61) [tomcat-embed-core-9.0.17.jar:9.0.17]
	at java.lang.Thread.run(Thread.java:748) [na:1.8.0_131]

2021-06-05 14:36:35.794  INFO 13532 --- [http-nio-8084-exec-5] c.p.api.interceptor.CostInterceptor      : [URL]/api/webjars/springfox-swagger-ui/fonts/open-sans-v15-latin-700.woff2[PARAMS]
2021-06-05 14:36:35.797  INFO 13532 --- [http-nio-8084-exec-4] c.p.api.interceptor.CostInterceptor      : [URL]/api/webjars/springfox-swagger-ui/fonts/source-code-pro-v7-latin-300.woff2[PARAMS]
2021-06-05 14:36:35.800  INFO 13532 --- [http-nio-8084-exec-8] c.p.api.interceptor.CostInterceptor      : [URL]/api/webjars/springfox-swagger-ui/fonts/open-sans-v15-latin-regular.woff2[PARAMS]
2021-06-05 14:36:35.808  INFO 13532 --- [http-nio-8084-exec-5] c.p.api.interceptor.CostInterceptor      : [Putao-Observer,cost=11,http_code=200,city=null,ip=0:0:0:0:0:0:0:1,uri=/api/webjars/springfox-swagger-ui/fonts/open-sans-v15-latin-700.woff2,uuid=8a174ee9-77e0-4d2b-822d-575aeb5e2121]
2021-06-05 14:36:35.809  INFO 13532 --- [http-nio-8084-exec-4] c.p.api.interceptor.CostInterceptor      : [Putao-Observer,cost=9,http_code=200,city=null,ip=0:0:0:0:0:0:0:1,uri=/api/webjars/springfox-swagger-ui/fonts/source-code-pro-v7-latin-300.woff2,uuid=ee950b18-7190-4588-99a3-e53090d44faf]
2021-06-05 14:36:35.811  INFO 13532 --- [http-nio-8084-exec-8] c.p.api.interceptor.CostInterceptor      : [Putao-Observer,cost=3,http_code=200,city=null,ip=0:0:0:0:0:0:0:1,uri=/api/webjars/springfox-swagger-ui/fonts/open-sans-v15-latin-regular.woff2,uuid=08901097-4764-45ca-8646-8e6a39c30602]
